<?xml version="1.0" encoding="UTF-8"?>
<!-- Generated by org.testng.reporters.JUnitReportReporter -->
<testsuite hostname="SABBIR" failures="0" tests="1" name="GetRequest.ApiAuth" time="3.368" errors="0" timestamp="2023-09-20T00:23:13 BDT" skipped="0">
  <testcase classname="GetRequest.ApiAuth" name="Auth" time="3.368"/>
  <system-out/>
</testsuite> <!-- GetRequest.ApiAuth -->
