<?xml version="1.0" encoding="UTF-8"?>
<!-- Generated by org.testng.reporters.JUnitReportReporter -->
<testsuite hostname="SABBIR" failures="0" tests="1" name="GetRequest.GetData" time="1.619" errors="0" timestamp="2023-09-20T02:14:06 BDT" skipped="0">
  <testcase classname="GetRequest.GetData" name="testResponse" time="1.619"/>
  <system-out/>
</testsuite> <!-- GetRequest.GetData -->
