<?xml version="1.0" encoding="UTF-8"?>
<!-- Generated by org.testng.reporters.JUnitReportReporter -->
<testsuite hostname="SABBIR" failures="0" tests="1" name="GetRequest.PostExample" time="3.659" errors="0" timestamp="2023-09-19T17:17:04 BDT" skipped="0">
  <testcase classname="GetRequest.PostExample" name="testPost" time="3.659"/>
  <system-out/>
</testsuite> <!-- GetRequest.PostExample -->
