<?xml version="1.0" encoding="UTF-8"?>
<!-- Generated by org.testng.reporters.JUnitReportReporter -->
<testsuite hostname="SABBIR" failures="0" tests="1" name="GetRequest.PutExample" time="1.717" errors="0" timestamp="2023-09-05T03:23:37 BDT" skipped="0">
  <testcase classname="GetRequest.PutExample" name="testPut" time="1.717"/>
  <system-out/>
</testsuite> <!-- GetRequest.PutExample -->
