<?xml version="1.0" encoding="UTF-8"?>
<!-- Generated by org.testng.reporters.JUnitReportReporter -->
<testsuite hostname="SABBIR" failures="0" tests="1" name="GetRequest.Post_delete_putExample" time="1.786" errors="0" timestamp="2023-09-05T03:07:55 BDT" skipped="0">
  <testcase classname="GetRequest.Post_delete_putExample" name="test1" time="1.786"/>
  <system-out/>
</testsuite> <!-- GetRequest.Post_delete_putExample -->
